<?xml version="1.0" encoding="UTF-8"?>
<!-- Generated by org.testng.reporters.JUnitReportReporter -->
<testsuite hostname="trov-Inspiron-N5110" name="demose.demose.App" tests="1" failures="0" timestamp="1 Oct 2016 07:44:31 GMT" time="61.586" errors="0">
  <testcase name="testEasy" time="61.586" classname="demose.demose.App"/>
</testsuite> <!-- demose.demose.App -->
